[debug] [2025-02-16T18:42:40.455Z] ----------------------------------------------------------------------
[debug] [2025-02-16T18:42:40.460Z] Command:       /Users/maxwelltan/.nvm/versions/node/v18.17.0/bin/node /Users/maxwelltan/.nvm/versions/node/v18.17.0/bin/firebase init
[debug] [2025-02-16T18:42:40.461Z] CLI Version:   13.29.1
[debug] [2025-02-16T18:42:40.461Z] Platform:      darwin
[debug] [2025-02-16T18:42:40.461Z] Node Version:  v18.17.0
[debug] [2025-02-16T18:42:40.468Z] Time:          Sun Feb 16 2025 10:42:40 GMT-0800 (Pacific Standard Time)
[debug] [2025-02-16T18:42:40.469Z] ----------------------------------------------------------------------
[debug] 
[debug] [2025-02-16T18:42:40.474Z] >>> [apiv2][query] GET https://firebase-public.firebaseio.com/cli.json [none]
[debug] [2025-02-16T18:42:40.643Z] > command requires scopes: ["email","openid","https://www.googleapis.com/auth/cloudplatformprojects.readonly","https://www.googleapis.com/auth/firebase","https://www.googleapis.com/auth/cloud-platform"]
[debug] [2025-02-16T18:42:40.644Z] > authorizing via signed-in user (maxtan0626@gmail.com)
[info] 
     ######## #### ########  ######## ########     ###     ######  ########
     ##        ##  ##     ## ##       ##     ##  ##   ##  ##       ##
     ######    ##  ########  ######   ########  #########  ######  ######
     ##        ##  ##    ##  ##       ##     ## ##     ##       ## ##
     ##       #### ##     ## ######## ########  ##     ##  ######  ########

You're about to initialize a Firebase project in this directory:

  /Users/maxwelltan/Documents/GitHub/ScoutingApp2025

Before we get started, keep in mind:

  * You are initializing within an existing Firebase project directory

[debug] [2025-02-16T18:42:43.842Z] <<< [apiv2][status] GET https://firebase-public.firebaseio.com/cli.json 200
[debug] [2025-02-16T18:42:43.843Z] <<< [apiv2][body] GET https://firebase-public.firebaseio.com/cli.json {"cloudBuildErrorAfter":1594252800000,"cloudBuildWarnAfter":1590019200000,"defaultNode10After":1594252800000,"minVersion":"3.0.5","node8DeploysDisabledAfter":1613390400000,"node8RuntimeDisabledAfter":1615809600000,"node8WarnAfter":1600128000000}
